<?xml version="1.0" encoding="UTF-8"?>
<!-- Generated by org.testng.reporters.JUnitReportReporter -->
<testsuite skipped="0" hostname="master" name="testNG.notificationApp" tests="1" failures="0" timestamp="25 Dec 2018 15:41:12 GMT" time="3.627" errors="0">
  <testcase name="verify" time="3.627" classname="testNG.notificationApp"/>
</testsuite> <!-- testNG.notificationApp -->
